<?xml version="1.0" encoding="UTF-8"?>
<!-- Generated by org.testng.reporters.JUnitReportReporter -->
<testsuite skipped="0" hostname="AjVivoBook" name="pack1.Test1" tests="2" failures="0" timestamp="27 Jun 2021 13:19:05 GMT" time="0.005" errors="0">
  <testcase name="m1" time="0.003" classname="pack1.Test1"/>
  <testcase name="m2" time="0.002" classname="pack1.Test1"/>
</testsuite> <!-- pack1.Test1 -->
